mode: atomic
github.com/huntercenter1/backend-test/user-service/internal/auth/password.go:5.49,8.2 2 0
github.com/huntercenter1/backend-test/user-service/internal/auth/password.go:10.45,12.2 1 0
github.com/huntercenter1/backend-test/user-service/internal/db/db.go:15.48,18.19 3 0
github.com/huntercenter1/backend-test/user-service/internal/db/db.go:18.19,18.38 1 0
github.com/huntercenter1/backend-test/user-service/internal/db/db.go:19.5,24.40 5 0
github.com/huntercenter1/backend-test/user-service/internal/db/db.go:24.40,26.6 1 0
github.com/huntercenter1/backend-test/user-service/internal/db/db.go:27.5,29.47 3 0
github.com/huntercenter1/backend-test/user-service/internal/db/db.go:29.47,29.66 1 0
github.com/huntercenter1/backend-test/user-service/internal/db/db.go:30.5,30.19 1 0
github.com/huntercenter1/backend-test/user-service/internal/db/migrate.go:12.37,13.15 1 0
github.com/huntercenter1/backend-test/user-service/internal/db/migrate.go:13.15,13.52 1 0
github.com/huntercenter1/backend-test/user-service/internal/db/migrate.go:14.2,14.53 1 0
github.com/huntercenter1/backend-test/user-service/internal/db/migrate.go:14.53,14.67 1 0
github.com/huntercenter1/backend-test/user-service/internal/db/migrate.go:16.2,18.34 3 0
github.com/huntercenter1/backend-test/user-service/internal/db/migrate.go:18.34,20.17 2 0
github.com/huntercenter1/backend-test/user-service/internal/db/migrate.go:20.17,23.18 3 0
github.com/huntercenter1/backend-test/user-service/internal/db/migrate.go:23.18,25.5 1 0
github.com/huntercenter1/backend-test/user-service/internal/db/migrate.go:27.3,28.30 2 0
github.com/huntercenter1/backend-test/user-service/internal/db/migrate.go:30.2,30.64 1 0
github.com/huntercenter1/backend-test/user-service/cmd/server/main.go:22.13,23.88 1 0
github.com/huntercenter1/backend-test/user-service/cmd/server/main.go:23.88,25.3 1 0
github.com/huntercenter1/backend-test/user-service/cmd/server/main.go:26.2,27.16 2 0
github.com/huntercenter1/backend-test/user-service/cmd/server/main.go:27.16,29.3 1 0
github.com/huntercenter1/backend-test/user-service/cmd/server/main.go:30.2,30.15 1 0
github.com/huntercenter1/backend-test/user-service/cmd/server/main.go:30.15,30.33 1 0
github.com/huntercenter1/backend-test/user-service/cmd/server/main.go:32.2,38.16 6 0
github.com/huntercenter1/backend-test/user-service/cmd/server/main.go:38.16,38.49 1 0
github.com/huntercenter1/backend-test/user-service/cmd/server/main.go:40.2,47.12 5 0
github.com/huntercenter1/backend-test/user-service/cmd/server/main.go:47.12,49.38 2 0
github.com/huntercenter1/backend-test/user-service/cmd/server/main.go:49.38,49.75 1 0
github.com/huntercenter1/backend-test/user-service/cmd/server/main.go:52.2,57.12 6 0
github.com/huntercenter1/backend-test/user-service/cmd/server/main.go:57.12,57.48 2 0
github.com/huntercenter1/backend-test/user-service/cmd/server/main.go:58.2,58.9 1 0
github.com/huntercenter1/backend-test/user-service/cmd/server/main.go:59.17,59.17 0 0
github.com/huntercenter1/backend-test/user-service/cmd/server/main.go:60.38,61.11 1 0
github.com/huntercenter1/backend-test/user-service/cmd/server/main.go:65.33,65.65 2 0
github.com/huntercenter1/backend-test/user-service/cmd/server/main.go:65.65,65.77 1 0
github.com/huntercenter1/backend-test/user-service/cmd/server/main.go:65.79,65.87 1 0
github.com/huntercenter1/backend-test/user-service/internal/repo/user_repo.go:31.39,33.2 1 0
github.com/huntercenter1/backend-test/user-service/internal/repo/user_repo.go:35.86,40.16 4 0
github.com/huntercenter1/backend-test/user-service/internal/repo/user_repo.go:40.16,43.3 1 0
github.com/huntercenter1/backend-test/user-service/internal/repo/user_repo.go:44.2,44.15 1 0
github.com/huntercenter1/backend-test/user-service/internal/repo/user_repo.go:47.82,53.16 5 0
github.com/huntercenter1/backend-test/user-service/internal/repo/user_repo.go:53.16,55.3 1 0
github.com/huntercenter1/backend-test/user-service/internal/repo/user_repo.go:56.2,56.16 1 0
github.com/huntercenter1/backend-test/user-service/internal/repo/user_repo.go:59.94,65.16 5 0
github.com/huntercenter1/backend-test/user-service/internal/repo/user_repo.go:65.16,67.3 1 0
github.com/huntercenter1/backend-test/user-service/internal/repo/user_repo.go:68.2,68.16 1 0
github.com/huntercenter1/backend-test/user-service/internal/repo/user_repo.go:71.86,80.16 5 0
github.com/huntercenter1/backend-test/user-service/internal/repo/user_repo.go:80.16,82.3 1 0
github.com/huntercenter1/backend-test/user-service/internal/repo/user_repo.go:83.2,83.15 1 0
github.com/huntercenter1/backend-test/user-service/internal/repo/user_repo.go:86.65,91.16 4 0
github.com/huntercenter1/backend-test/user-service/internal/repo/user_repo.go:91.16,93.3 1 0
github.com/huntercenter1/backend-test/user-service/internal/repo/user_repo.go:94.2,95.14 2 0
github.com/huntercenter1/backend-test/user-service/internal/repo/user_repo.go:95.14,97.3 1 0
github.com/huntercenter1/backend-test/user-service/internal/repo/user_repo.go:98.2,98.12 1 0
github.com/huntercenter1/backend-test/user-service/internal/transport/grpc/server.go:17.49,19.2 1 0
github.com/huntercenter1/backend-test/user-service/internal/transport/grpc/server.go:21.43,29.2 1 0
github.com/huntercenter1/backend-test/user-service/internal/transport/grpc/server.go:31.103,33.16 2 0
github.com/huntercenter1/backend-test/user-service/internal/transport/grpc/server.go:33.16,33.35 1 0
github.com/huntercenter1/backend-test/user-service/internal/transport/grpc/server.go:34.2,34.24 1 0
github.com/huntercenter1/backend-test/user-service/internal/transport/grpc/server.go:37.97,39.16 2 0
github.com/huntercenter1/backend-test/user-service/internal/transport/grpc/server.go:39.16,39.35 1 0
github.com/huntercenter1/backend-test/user-service/internal/transport/grpc/server.go:40.2,40.24 1 0
github.com/huntercenter1/backend-test/user-service/internal/transport/grpc/server.go:43.103,45.16 2 0
github.com/huntercenter1/backend-test/user-service/internal/transport/grpc/server.go:45.16,45.35 1 0
github.com/huntercenter1/backend-test/user-service/internal/transport/grpc/server.go:46.2,46.24 1 0
github.com/huntercenter1/backend-test/user-service/internal/transport/grpc/server.go:49.117,50.55 1 0
github.com/huntercenter1/backend-test/user-service/internal/transport/grpc/server.go:50.55,50.74 1 0
github.com/huntercenter1/backend-test/user-service/internal/transport/grpc/server.go:51.2,51.50 1 0
github.com/huntercenter1/backend-test/user-service/internal/transport/grpc/server.go:54.111,56.16 2 0
github.com/huntercenter1/backend-test/user-service/internal/transport/grpc/server.go:56.16,56.95 1 0
github.com/huntercenter1/backend-test/user-service/internal/transport/grpc/server.go:57.2,57.71 1 0
github.com/huntercenter1/backend-test/user-service/internal/transport/grpc/server.go:60.123,62.16 2 0
github.com/huntercenter1/backend-test/user-service/internal/transport/grpc/server.go:62.16,62.35 1 0
github.com/huntercenter1/backend-test/user-service/internal/transport/grpc/server.go:63.2,63.66 1 0
github.com/huntercenter1/backend-test/user-service/internal/auth/password.go:5.49,8.2 2 1
github.com/huntercenter1/backend-test/user-service/internal/auth/password.go:10.45,12.2 1 1
github.com/huntercenter1/backend-test/user-service/internal/repo/user_repo.go:31.39,33.2 1 0
github.com/huntercenter1/backend-test/user-service/internal/repo/user_repo.go:35.86,40.16 4 0
github.com/huntercenter1/backend-test/user-service/internal/repo/user_repo.go:40.16,43.3 1 0
github.com/huntercenter1/backend-test/user-service/internal/repo/user_repo.go:44.2,44.15 1 0
github.com/huntercenter1/backend-test/user-service/internal/repo/user_repo.go:47.82,53.16 5 0
github.com/huntercenter1/backend-test/user-service/internal/repo/user_repo.go:53.16,55.3 1 0
github.com/huntercenter1/backend-test/user-service/internal/repo/user_repo.go:56.2,56.16 1 0
github.com/huntercenter1/backend-test/user-service/internal/repo/user_repo.go:59.94,65.16 5 0
github.com/huntercenter1/backend-test/user-service/internal/repo/user_repo.go:65.16,67.3 1 0
github.com/huntercenter1/backend-test/user-service/internal/repo/user_repo.go:68.2,68.16 1 0
github.com/huntercenter1/backend-test/user-service/internal/repo/user_repo.go:71.86,80.16 5 0
github.com/huntercenter1/backend-test/user-service/internal/repo/user_repo.go:80.16,82.3 1 0
github.com/huntercenter1/backend-test/user-service/internal/repo/user_repo.go:83.2,83.15 1 0
github.com/huntercenter1/backend-test/user-service/internal/repo/user_repo.go:86.65,91.16 4 0
github.com/huntercenter1/backend-test/user-service/internal/repo/user_repo.go:91.16,93.3 1 0
github.com/huntercenter1/backend-test/user-service/internal/repo/user_repo.go:94.2,95.14 2 0
github.com/huntercenter1/backend-test/user-service/internal/repo/user_repo.go:95.14,97.3 1 0
github.com/huntercenter1/backend-test/user-service/internal/repo/user_repo.go:98.2,98.12 1 0
github.com/huntercenter1/backend-test/user-service/internal/service/user_service.go:29.42,31.2 1 1
github.com/huntercenter1/backend-test/user-service/internal/service/user_service.go:33.107,39.53 5 0
github.com/huntercenter1/backend-test/user-service/internal/service/user_service.go:39.53,41.3 1 0
github.com/huntercenter1/backend-test/user-service/internal/service/user_service.go:42.2,43.16 2 0
github.com/huntercenter1/backend-test/user-service/internal/service/user_service.go:43.16,45.3 1 0
github.com/huntercenter1/backend-test/user-service/internal/service/user_service.go:46.2,51.33 2 0
github.com/huntercenter1/backend-test/user-service/internal/service/user_service.go:54.81,56.2 1 0
github.com/huntercenter1/backend-test/user-service/internal/service/user_service.go:58.111,63.16 4 0
github.com/huntercenter1/backend-test/user-service/internal/service/user_service.go:63.16,65.3 1 0
github.com/huntercenter1/backend-test/user-service/internal/service/user_service.go:66.2,66.39 1 0
github.com/huntercenter1/backend-test/user-service/internal/service/user_service.go:66.39,68.3 1 0
github.com/huntercenter1/backend-test/user-service/internal/service/user_service.go:69.2,69.36 1 0
github.com/huntercenter1/backend-test/user-service/internal/service/user_service.go:69.36,71.3 1 0
github.com/huntercenter1/backend-test/user-service/internal/service/user_service.go:72.2,72.39 1 0
github.com/huntercenter1/backend-test/user-service/internal/service/user_service.go:72.39,74.17 2 0
github.com/huntercenter1/backend-test/user-service/internal/service/user_service.go:74.17,76.4 1 0
github.com/huntercenter1/backend-test/user-service/internal/service/user_service.go:77.3,77.24 1 0
github.com/huntercenter1/backend-test/user-service/internal/service/user_service.go:79.2,79.30 1 0
github.com/huntercenter1/backend-test/user-service/internal/service/user_service.go:82.68,84.2 1 0
github.com/huntercenter1/backend-test/user-service/internal/service/user_service.go:86.100,91.16 4 1
github.com/huntercenter1/backend-test/user-service/internal/service/user_service.go:91.16,93.3 1 0
github.com/huntercenter1/backend-test/user-service/internal/service/user_service.go:94.2,94.51 1 1
github.com/huntercenter1/backend-test/user-service/internal/service/user_service.go:94.51,96.3 1 0
github.com/huntercenter1/backend-test/user-service/internal/service/user_service.go:97.2,97.18 1 1
github.com/huntercenter1/backend-test/user-service/internal/service/user_service.go:100.78,102.16 2 2
github.com/huntercenter1/backend-test/user-service/internal/service/user_service.go:102.16,103.39 1 1
github.com/huntercenter1/backend-test/user-service/internal/service/user_service.go:103.39,105.4 1 1
github.com/huntercenter1/backend-test/user-service/internal/service/user_service.go:106.3,106.20 1 0
github.com/huntercenter1/backend-test/user-service/internal/service/user_service.go:108.2,108.18 1 1
