mode: atomic
github.com/huntercenter1/backend-test/user-service/internal/auth/password.go:5.49,8.2 2 0
github.com/huntercenter1/backend-test/user-service/internal/auth/password.go:10.45,12.2 1 0
github.com/huntercenter1/backend-test/user-service/internal/db/db.go:15.48,18.19 3 0
github.com/huntercenter1/backend-test/user-service/internal/db/db.go:18.19,18.38 1 0
github.com/huntercenter1/backend-test/user-service/internal/db/db.go:19.5,24.40 5 0
github.com/huntercenter1/backend-test/user-service/internal/db/db.go:24.40,26.6 1 0
github.com/huntercenter1/backend-test/user-service/internal/db/db.go:27.5,29.47 3 0
github.com/huntercenter1/backend-test/user-service/internal/db/db.go:29.47,29.66 1 0
github.com/huntercenter1/backend-test/user-service/internal/db/db.go:30.5,30.19 1 0
github.com/huntercenter1/backend-test/user-service/internal/db/migrate.go:12.37,13.15 1 0
github.com/huntercenter1/backend-test/user-service/internal/db/migrate.go:13.15,13.52 1 0
github.com/huntercenter1/backend-test/user-service/internal/db/migrate.go:14.2,14.53 1 0
github.com/huntercenter1/backend-test/user-service/internal/db/migrate.go:14.53,14.67 1 0
github.com/huntercenter1/backend-test/user-service/internal/db/migrate.go:16.2,18.34 3 0
github.com/huntercenter1/backend-test/user-service/internal/db/migrate.go:18.34,20.17 2 0
github.com/huntercenter1/backend-test/user-service/internal/db/migrate.go:20.17,23.18 3 0
github.com/huntercenter1/backend-test/user-service/internal/db/migrate.go:23.18,25.5 1 0
github.com/huntercenter1/backend-test/user-service/internal/db/migrate.go:27.3,28.30 2 0
github.com/huntercenter1/backend-test/user-service/internal/db/migrate.go:30.2,30.64 1 0
github.com/huntercenter1/backend-test/user-service/cmd/server/main.go:22.13,23.88 1 0
github.com/huntercenter1/backend-test/user-service/cmd/server/main.go:23.88,25.3 1 0
github.com/huntercenter1/backend-test/user-service/cmd/server/main.go:26.2,27.16 2 0
github.com/huntercenter1/backend-test/user-service/cmd/server/main.go:27.16,29.3 1 0
github.com/huntercenter1/backend-test/user-service/cmd/server/main.go:30.2,30.15 1 0
github.com/huntercenter1/backend-test/user-service/cmd/server/main.go:30.15,30.33 1 0
github.com/huntercenter1/backend-test/user-service/cmd/server/main.go:32.2,38.16 6 0
github.com/huntercenter1/backend-test/user-service/cmd/server/main.go:38.16,38.49 1 0
github.com/huntercenter1/backend-test/user-service/cmd/server/main.go:40.2,47.12 5 0
github.com/huntercenter1/backend-test/user-service/cmd/server/main.go:47.12,49.38 2 0
github.com/huntercenter1/backend-test/user-service/cmd/server/main.go:49.38,49.75 1 0
github.com/huntercenter1/backend-test/user-service/cmd/server/main.go:52.2,57.12 6 0
github.com/huntercenter1/backend-test/user-service/cmd/server/main.go:57.12,57.48 2 0
github.com/huntercenter1/backend-test/user-service/cmd/server/main.go:58.2,58.9 1 0
github.com/huntercenter1/backend-test/user-service/cmd/server/main.go:59.17,59.17 0 0
github.com/huntercenter1/backend-test/user-service/cmd/server/main.go:60.38,61.11 1 0
github.com/huntercenter1/backend-test/user-service/cmd/server/main.go:65.33,65.65 2 0
github.com/huntercenter1/backend-test/user-service/cmd/server/main.go:65.65,65.77 1 0
github.com/huntercenter1/backend-test/user-service/cmd/server/main.go:65.79,65.87 1 0
github.com/huntercenter1/backend-test/user-service/internal/repo/user_repo.go:31.39,33.2 1 0
github.com/huntercenter1/backend-test/user-service/internal/repo/user_repo.go:35.86,40.16 4 0
github.com/huntercenter1/backend-test/user-service/internal/repo/user_repo.go:40.16,43.3 1 0
github.com/huntercenter1/backend-test/user-service/internal/repo/user_repo.go:44.2,44.15 1 0
github.com/huntercenter1/backend-test/user-service/internal/repo/user_repo.go:47.82,53.16 5 0
github.com/huntercenter1/backend-test/user-service/internal/repo/user_repo.go:53.16,55.3 1 0
github.com/huntercenter1/backend-test/user-service/internal/repo/user_repo.go:56.2,56.16 1 0
github.com/huntercenter1/backend-test/user-service/internal/repo/user_repo.go:59.94,65.16 5 0
github.com/huntercenter1/backend-test/user-service/internal/repo/user_repo.go:65.16,67.3 1 0
github.com/huntercenter1/backend-test/user-service/internal/repo/user_repo.go:68.2,68.16 1 0
github.com/huntercenter1/backend-test/user-service/internal/repo/user_repo.go:71.86,80.16 5 0
github.com/huntercenter1/backend-test/user-service/internal/repo/user_repo.go:80.16,82.3 1 0
github.com/huntercenter1/backend-test/user-service/internal/repo/user_repo.go:83.2,83.15 1 0
github.com/huntercenter1/backend-test/user-service/internal/repo/user_repo.go:86.65,91.16 4 0
github.com/huntercenter1/backend-test/user-service/internal/repo/user_repo.go:91.16,93.3 1 0
github.com/huntercenter1/backend-test/user-service/internal/repo/user_repo.go:94.2,95.14 2 0
github.com/huntercenter1/backend-test/user-service/internal/repo/user_repo.go:95.14,97.3 1 0
github.com/huntercenter1/backend-test/user-service/internal/repo/user_repo.go:98.2,98.12 1 0
github.com/huntercenter1/backend-test/user-service/internal/transport/grpc/server.go:17.49,19.2 1 0
github.com/huntercenter1/backend-test/user-service/internal/transport/grpc/server.go:21.43,29.2 1 0
github.com/huntercenter1/backend-test/user-service/internal/transport/grpc/server.go:31.103,33.16 2 0
github.com/huntercenter1/backend-test/user-service/internal/transport/grpc/server.go:33.16,33.35 1 0
github.com/huntercenter1/backend-test/user-service/internal/transport/grpc/server.go:34.2,34.24 1 0
github.com/huntercenter1/backend-test/user-service/internal/transport/grpc/server.go:37.97,39.16 2 0
github.com/huntercenter1/backend-test/user-service/internal/transport/grpc/server.go:39.16,39.35 1 0
github.com/huntercenter1/backend-test/user-service/internal/transport/grpc/server.go:40.2,40.24 1 0
github.com/huntercenter1/backend-test/user-service/internal/transport/grpc/server.go:43.103,45.16 2 0
github.com/huntercenter1/backend-test/user-service/internal/transport/grpc/server.go:45.16,45.35 1 0
github.com/huntercenter1/backend-test/user-service/internal/transport/grpc/server.go:46.2,46.24 1 0
github.com/huntercenter1/backend-test/user-service/internal/transport/grpc/server.go:49.117,50.55 1 0
github.com/huntercenter1/backend-test/user-service/internal/transport/grpc/server.go:50.55,50.74 1 0
github.com/huntercenter1/backend-test/user-service/internal/transport/grpc/server.go:51.2,51.50 1 0
github.com/huntercenter1/backend-test/user-service/internal/transport/grpc/server.go:54.111,56.16 2 0
github.com/huntercenter1/backend-test/user-service/internal/transport/grpc/server.go:56.16,56.95 1 0
github.com/huntercenter1/backend-test/user-service/internal/transport/grpc/server.go:57.2,57.71 1 0
github.com/huntercenter1/backend-test/user-service/internal/transport/grpc/server.go:60.123,62.16 2 0
github.com/huntercenter1/backend-test/user-service/internal/transport/grpc/server.go:62.16,62.35 1 0
github.com/huntercenter1/backend-test/user-service/internal/transport/grpc/server.go:63.2,63.66 1 0
github.com/huntercenter1/backend-test/user-service/internal/auth/password.go:5.49,8.2 2 1
github.com/huntercenter1/backend-test/user-service/internal/auth/password.go:10.45,12.2 1 1
github.com/huntercenter1/backend-test/user-service/internal/repo/user_repo.go:31.39,33.2 1 0
github.com/huntercenter1/backend-test/user-service/internal/repo/user_repo.go:35.86,40.16 4 0
github.com/huntercenter1/backend-test/user-service/internal/repo/user_repo.go:40.16,43.3 1 0
github.com/huntercenter1/backend-test/user-service/internal/repo/user_repo.go:44.2,44.15 1 0
github.com/huntercenter1/backend-test/user-service/internal/repo/user_repo.go:47.82,53.16 5 0
github.com/huntercenter1/backend-test/user-service/internal/repo/user_repo.go:53.16,55.3 1 0
github.com/huntercenter1/backend-test/user-service/internal/repo/user_repo.go:56.2,56.16 1 0
github.com/huntercenter1/backend-test/user-service/internal/repo/user_repo.go:59.94,65.16 5 0
github.com/huntercenter1/backend-test/user-service/internal/repo/user_repo.go:65.16,67.3 1 0
github.com/huntercenter1/backend-test/user-service/internal/repo/user_repo.go:68.2,68.16 1 0
github.com/huntercenter1/backend-test/user-service/internal/repo/user_repo.go:71.86,80.16 5 0
github.com/huntercenter1/backend-test/user-service/internal/repo/user_repo.go:80.16,82.3 1 0
github.com/huntercenter1/backend-test/user-service/internal/repo/user_repo.go:83.2,83.15 1 0
github.com/huntercenter1/backend-test/user-service/internal/repo/user_repo.go:86.65,91.16 4 0
github.com/huntercenter1/backend-test/user-service/internal/repo/user_repo.go:91.16,93.3 1 0
github.com/huntercenter1/backend-test/user-service/internal/repo/user_repo.go:94.2,95.14 2 0
github.com/huntercenter1/backend-test/user-service/internal/repo/user_repo.go:95.14,97.3 1 0
github.com/huntercenter1/backend-test/user-service/internal/repo/user_repo.go:98.2,98.12 1 0
github.com/huntercenter1/backend-test/user-service/internal/service/user_service.go:29.42,31.2 1 1
github.com/huntercenter1/backend-test/user-service/internal/service/user_service.go:33.107,39.53 5 0
github.com/huntercenter1/backend-test/user-service/internal/service/user_service.go:39.53,41.3 1 0
github.com/huntercenter1/backend-test/user-service/internal/service/user_service.go:42.2,43.16 2 0
github.com/huntercenter1/backend-test/user-service/internal/service/user_service.go:43.16,45.3 1 0
github.com/huntercenter1/backend-test/user-service/internal/service/user_service.go:46.2,51.33 2 0
github.com/huntercenter1/backend-test/user-service/internal/service/user_service.go:54.81,56.2 1 0
github.com/huntercenter1/backend-test/user-service/internal/service/user_service.go:58.111,63.16 4 0
github.com/huntercenter1/backend-test/user-service/internal/service/user_service.go:63.16,65.3 1 0
github.com/huntercenter1/backend-test/user-service/internal/service/user_service.go:66.2,66.39 1 0
github.com/huntercenter1/backend-test/user-service/internal/service/user_service.go:66.39,68.3 1 0
github.com/huntercenter1/backend-test/user-service/internal/service/user_service.go:69.2,69.36 1 0
github.com/huntercenter1/backend-test/user-service/internal/service/user_service.go:69.36,71.3 1 0
github.com/huntercenter1/backend-test/user-service/internal/service/user_service.go:72.2,72.39 1 0
github.com/huntercenter1/backend-test/user-service/internal/service/user_service.go:72.39,74.17 2 0
github.com/huntercenter1/backend-test/user-service/internal/service/user_service.go:74.17,76.4 1 0
github.com/huntercenter1/backend-test/user-service/internal/service/user_service.go:77.3,77.24 1 0
github.com/huntercenter1/backend-test/user-service/internal/service/user_service.go:79.2,79.30 1 0
github.com/huntercenter1/backend-test/user-service/internal/service/user_service.go:82.68,84.2 1 0
github.com/huntercenter1/backend-test/user-service/internal/service/user_service.go:86.100,91.16 4 1
github.com/huntercenter1/backend-test/user-service/internal/service/user_service.go:91.16,93.3 1 0
github.com/huntercenter1/backend-test/user-service/internal/service/user_service.go:94.2,94.51 1 1
github.com/huntercenter1/backend-test/user-service/internal/service/user_service.go:94.51,96.3 1 0
github.com/huntercenter1/backend-test/user-service/internal/service/user_service.go:97.2,97.18 1 1
github.com/huntercenter1/backend-test/user-service/internal/service/user_service.go:100.78,102.16 2 2
github.com/huntercenter1/backend-test/user-service/internal/service/user_service.go:102.16,103.39 1 1
github.com/huntercenter1/backend-test/user-service/internal/service/user_service.go:103.39,105.4 1 1
github.com/huntercenter1/backend-test/user-service/internal/service/user_service.go:106.3,106.20 1 0
github.com/huntercenter1/backend-test/user-service/internal/service/user_service.go:108.2,108.18 1 1
github.com/huntercenter1/backend-test/product-service/cmd/server/main.go:18.13,19.88 1 0
github.com/huntercenter1/backend-test/product-service/cmd/server/main.go:19.88,21.3 1 0
github.com/huntercenter1/backend-test/product-service/cmd/server/main.go:22.2,23.16 2 0
github.com/huntercenter1/backend-test/product-service/cmd/server/main.go:23.16,23.45 1 0
github.com/huntercenter1/backend-test/product-service/cmd/server/main.go:24.2,31.11 6 0
github.com/huntercenter1/backend-test/product-service/cmd/server/main.go:31.11,33.77 2 0
github.com/huntercenter1/backend-test/product-service/cmd/server/main.go:33.77,35.4 1 0
github.com/huntercenter1/backend-test/product-service/cmd/server/main.go:38.2,42.23 6 0
github.com/huntercenter1/backend-test/product-service/cmd/server/main.go:45.33,45.65 2 0
github.com/huntercenter1/backend-test/product-service/cmd/server/main.go:45.65,45.77 1 0
github.com/huntercenter1/backend-test/product-service/cmd/server/main.go:45.79,45.87 1 0
github.com/huntercenter1/backend-test/product-service/internal/middleware/mw.go:11.34,12.30 1 0
github.com/huntercenter1/backend-test/product-service/internal/middleware/mw.go:12.30,16.3 3 0
github.com/huntercenter1/backend-test/product-service/internal/middleware/mw.go:19.47,20.30 1 0
github.com/huntercenter1/backend-test/product-service/internal/middleware/mw.go:20.30,25.3 4 0
github.com/huntercenter1/backend-test/product-service/internal/db/db.go:15.48,18.19 3 0
github.com/huntercenter1/backend-test/product-service/internal/db/db.go:18.19,18.38 1 0
github.com/huntercenter1/backend-test/product-service/internal/db/db.go:19.5,24.40 5 0
github.com/huntercenter1/backend-test/product-service/internal/db/db.go:24.40,26.6 1 0
github.com/huntercenter1/backend-test/product-service/internal/db/db.go:27.5,29.47 3 0
github.com/huntercenter1/backend-test/product-service/internal/db/db.go:29.47,29.66 1 0
github.com/huntercenter1/backend-test/product-service/internal/db/db.go:30.5,30.19 1 0
github.com/huntercenter1/backend-test/product-service/internal/db/migrate.go:12.37,13.15 1 0
github.com/huntercenter1/backend-test/product-service/internal/db/migrate.go:13.15,13.52 1 0
github.com/huntercenter1/backend-test/product-service/internal/db/migrate.go:14.2,14.53 1 0
github.com/huntercenter1/backend-test/product-service/internal/db/migrate.go:14.53,14.67 1 0
github.com/huntercenter1/backend-test/product-service/internal/db/migrate.go:16.2,18.34 3 0
github.com/huntercenter1/backend-test/product-service/internal/db/migrate.go:18.34,20.17 2 0
github.com/huntercenter1/backend-test/product-service/internal/db/migrate.go:20.17,23.18 3 0
github.com/huntercenter1/backend-test/product-service/internal/db/migrate.go:23.18,25.5 1 0
github.com/huntercenter1/backend-test/product-service/internal/db/migrate.go:27.3,28.30 2 0
github.com/huntercenter1/backend-test/product-service/internal/db/migrate.go:30.2,30.64 1 0
github.com/huntercenter1/backend-test/product-service/internal/repo/product_repo.go:31.34,31.65 1 1
github.com/huntercenter1/backend-test/product-service/internal/repo/product_repo.go:33.95,37.2 4 1
github.com/huntercenter1/backend-test/product-service/internal/repo/product_repo.go:39.88,42.81 4 2
github.com/huntercenter1/backend-test/product-service/internal/repo/product_repo.go:42.81,44.3 1 0
github.com/huntercenter1/backend-test/product-service/internal/repo/product_repo.go:45.2,45.16 1 2
github.com/huntercenter1/backend-test/product-service/internal/repo/product_repo.go:48.95,53.2 5 0
github.com/huntercenter1/backend-test/product-service/internal/repo/product_repo.go:55.68,58.16 4 0
github.com/huntercenter1/backend-test/product-service/internal/repo/product_repo.go:58.16,58.30 1 0
github.com/huntercenter1/backend-test/product-service/internal/repo/product_repo.go:59.2,59.40 1 0
github.com/huntercenter1/backend-test/product-service/internal/repo/product_repo.go:59.40,59.62 1 0
github.com/huntercenter1/backend-test/product-service/internal/repo/product_repo.go:60.2,60.12 1 0
github.com/huntercenter1/backend-test/product-service/internal/repo/product_repo.go:63.99,67.36 5 0
github.com/huntercenter1/backend-test/product-service/internal/repo/product_repo.go:67.36,67.58 1 0
github.com/huntercenter1/backend-test/product-service/internal/repo/product_repo.go:68.2,69.26 2 0
github.com/huntercenter1/backend-test/product-service/internal/repo/product_repo.go:72.114,79.36 6 0
github.com/huntercenter1/backend-test/product-service/internal/repo/product_repo.go:79.36,79.58 1 0
github.com/huntercenter1/backend-test/product-service/internal/repo/product_repo.go:80.2,82.26 2 0
github.com/huntercenter1/backend-test/product-service/internal/repo/product_repo.go:85.103,88.16 4 1
github.com/huntercenter1/backend-test/product-service/internal/repo/product_repo.go:88.16,88.35 1 0
github.com/huntercenter1/backend-test/product-service/internal/repo/product_repo.go:89.2,90.17 2 1
github.com/huntercenter1/backend-test/product-service/internal/repo/product_repo.go:90.17,90.32 1 0
github.com/huntercenter1/backend-test/product-service/internal/repo/product_repo.go:91.2,92.15 2 1
github.com/huntercenter1/backend-test/product-service/internal/middleware/mw.go:11.34,12.30 1 2
github.com/huntercenter1/backend-test/product-service/internal/middleware/mw.go:12.30,16.3 3 9
github.com/huntercenter1/backend-test/product-service/internal/middleware/mw.go:19.47,20.30 1 2
github.com/huntercenter1/backend-test/product-service/internal/middleware/mw.go:20.30,25.3 4 9
github.com/huntercenter1/backend-test/product-service/internal/transport/http/router.go:21.30,23.2 1 2
github.com/huntercenter1/backend-test/product-service/internal/transport/http/router.go:25.43,28.39 2 2
github.com/huntercenter1/backend-test/product-service/internal/transport/http/router.go:28.39,28.86 1 0
github.com/huntercenter1/backend-test/product-service/internal/transport/http/router.go:30.2,36.46 7 2
github.com/huntercenter1/backend-test/product-service/internal/transport/http/router.go:39.40,42.16 3 3
github.com/huntercenter1/backend-test/product-service/internal/transport/http/router.go:42.16,42.95 2 0
github.com/huntercenter1/backend-test/product-service/internal/transport/http/router.go:43.2,43.96 1 3
github.com/huntercenter1/backend-test/product-service/internal/transport/http/router.go:46.42,48.45 2 1
github.com/huntercenter1/backend-test/product-service/internal/transport/http/router.go:48.45,50.3 2 0
github.com/huntercenter1/backend-test/product-service/internal/transport/http/router.go:51.2,51.34 1 1
github.com/huntercenter1/backend-test/product-service/internal/transport/http/router.go:51.34,51.113 2 0
github.com/huntercenter1/backend-test/product-service/internal/transport/http/router.go:52.2,53.16 2 1
github.com/huntercenter1/backend-test/product-service/internal/transport/http/router.go:53.16,53.95 2 0
github.com/huntercenter1/backend-test/product-service/internal/transport/http/router.go:54.2,54.33 1 1
github.com/huntercenter1/backend-test/product-service/internal/transport/http/router.go:57.39,60.16 3 1
github.com/huntercenter1/backend-test/product-service/internal/transport/http/router.go:60.16,60.83 2 0
github.com/huntercenter1/backend-test/product-service/internal/transport/http/router.go:61.2,61.26 1 1
github.com/huntercenter1/backend-test/product-service/internal/transport/http/router.go:64.42,67.48 3 1
github.com/huntercenter1/backend-test/product-service/internal/transport/http/router.go:67.48,69.3 2 0
github.com/huntercenter1/backend-test/product-service/internal/transport/http/router.go:70.2,71.16 2 1
github.com/huntercenter1/backend-test/product-service/internal/transport/http/router.go:71.16,71.83 2 0
github.com/huntercenter1/backend-test/product-service/internal/transport/http/router.go:72.2,72.21 1 1
github.com/huntercenter1/backend-test/product-service/internal/transport/http/router.go:72.21,72.43 1 1
github.com/huntercenter1/backend-test/product-service/internal/transport/http/router.go:73.2,73.28 1 1
github.com/huntercenter1/backend-test/product-service/internal/transport/http/router.go:73.28,73.64 1 1
github.com/huntercenter1/backend-test/product-service/internal/transport/http/router.go:74.2,74.20 1 1
github.com/huntercenter1/backend-test/product-service/internal/transport/http/router.go:74.20,74.44 1 1
github.com/huntercenter1/backend-test/product-service/internal/transport/http/router.go:75.2,75.21 1 1
github.com/huntercenter1/backend-test/product-service/internal/transport/http/router.go:75.21,75.45 1 1
github.com/huntercenter1/backend-test/product-service/internal/transport/http/router.go:76.2,77.16 2 1
github.com/huntercenter1/backend-test/product-service/internal/transport/http/router.go:77.16,77.95 2 0
github.com/huntercenter1/backend-test/product-service/internal/transport/http/router.go:78.2,78.28 1 1
github.com/huntercenter1/backend-test/product-service/internal/transport/http/router.go:81.42,83.64 2 1
github.com/huntercenter1/backend-test/product-service/internal/transport/http/router.go:83.64,85.3 2 0
github.com/huntercenter1/backend-test/product-service/internal/transport/http/router.go:86.2,86.32 1 1
github.com/huntercenter1/backend-test/product-service/internal/transport/http/router.go:89.42,93.16 4 1
github.com/huntercenter1/backend-test/product-service/internal/transport/http/router.go:93.16,93.95 2 0
github.com/huntercenter1/backend-test/product-service/internal/transport/http/router.go:94.2,94.96 1 1
github.com/huntercenter1/backend-test/product-service/internal/transport/http/router.go:99.47,102.48 3 1
github.com/huntercenter1/backend-test/product-service/internal/transport/http/router.go:102.48,104.3 2 0
github.com/huntercenter1/backend-test/product-service/internal/transport/http/router.go:105.2,106.16 2 1
github.com/huntercenter1/backend-test/product-service/internal/transport/http/router.go:106.16,106.95 2 0
github.com/huntercenter1/backend-test/product-service/internal/transport/http/router.go:107.2,107.28 1 1
github.com/huntercenter1/backend-test/product-service/internal/transport/http/router.go:110.42,112.36 3 4
github.com/huntercenter1/backend-test/product-service/internal/transport/http/router.go:112.36,112.94 1 3
github.com/huntercenter1/backend-test/product-service/internal/transport/http/router.go:112.94,112.107 1 1
github.com/huntercenter1/backend-test/product-service/internal/transport/http/router.go:113.2,113.37 1 4
github.com/huntercenter1/backend-test/product-service/internal/transport/http/router.go:113.37,113.86 1 3
github.com/huntercenter1/backend-test/product-service/internal/transport/http/router.go:113.86,113.100 1 2
github.com/huntercenter1/backend-test/product-service/internal/transport/http/router.go:114.2,114.22 1 4
github.com/huntercenter1/backend-test/order-service/cmd/server/main.go:21.13,22.88 1 0
github.com/huntercenter1/backend-test/order-service/cmd/server/main.go:22.88,24.3 1 0
github.com/huntercenter1/backend-test/order-service/cmd/server/main.go:25.2,26.16 2 0
github.com/huntercenter1/backend-test/order-service/cmd/server/main.go:26.16,26.45 1 0
github.com/huntercenter1/backend-test/order-service/cmd/server/main.go:27.2,32.16 4 0
github.com/huntercenter1/backend-test/order-service/cmd/server/main.go:32.16,32.54 1 0
github.com/huntercenter1/backend-test/order-service/cmd/server/main.go:33.2,46.12 9 0
github.com/huntercenter1/backend-test/order-service/cmd/server/main.go:46.12,48.77 2 0
github.com/huntercenter1/backend-test/order-service/cmd/server/main.go:48.77,50.4 1 0
github.com/huntercenter1/backend-test/order-service/cmd/server/main.go:53.2,57.23 6 0
github.com/huntercenter1/backend-test/order-service/cmd/server/main.go:60.33,60.65 2 0
github.com/huntercenter1/backend-test/order-service/cmd/server/main.go:60.65,60.77 1 0
github.com/huntercenter1/backend-test/order-service/cmd/server/main.go:60.79,60.87 1 0
github.com/huntercenter1/backend-test/order-service/internal/clients/product_client.go:29.50,34.2 1 0
github.com/huntercenter1/backend-test/order-service/internal/clients/product_client.go:36.79,39.16 3 0
github.com/huntercenter1/backend-test/order-service/internal/clients/product_client.go:39.16,39.35 1 0
github.com/huntercenter1/backend-test/order-service/internal/clients/product_client.go:40.2,41.37 2 0
github.com/huntercenter1/backend-test/order-service/internal/clients/product_client.go:41.37,43.3 1 0
github.com/huntercenter1/backend-test/order-service/internal/clients/product_client.go:44.2,45.49 2 0
github.com/huntercenter1/backend-test/order-service/internal/clients/product_client.go:48.102,53.16 5 0
github.com/huntercenter1/backend-test/order-service/internal/clients/product_client.go:53.16,53.35 1 0
github.com/huntercenter1/backend-test/order-service/internal/clients/product_client.go:54.2,55.37 2 0
github.com/huntercenter1/backend-test/order-service/internal/clients/product_client.go:55.37,57.3 1 0
github.com/huntercenter1/backend-test/order-service/internal/clients/product_client.go:58.2,59.49 2 0
github.com/huntercenter1/backend-test/order-service/internal/clients/user_client.go:17.67,19.16 2 0
github.com/huntercenter1/backend-test/order-service/internal/clients/user_client.go:19.16,19.40 1 0
github.com/huntercenter1/backend-test/order-service/internal/clients/user_client.go:20.2,20.76 1 0
github.com/huntercenter1/backend-test/order-service/internal/clients/user_client.go:23.81,26.16 4 0
github.com/huntercenter1/backend-test/order-service/internal/clients/user_client.go:26.16,26.37 1 0
github.com/huntercenter1/backend-test/order-service/internal/clients/user_client.go:27.2,27.29 1 0
github.com/huntercenter1/backend-test/order-service/internal/repo/order_repo.go:28.27,28.51 1 0
github.com/huntercenter1/backend-test/order-service/internal/repo/order_repo.go:30.135,33.75 3 0
github.com/huntercenter1/backend-test/order-service/internal/repo/order_repo.go:33.75,34.62 1 0
github.com/huntercenter1/backend-test/order-service/internal/repo/order_repo.go:34.62,36.4 1 0
github.com/huntercenter1/backend-test/order-service/internal/repo/order_repo.go:37.3,37.24 1 0
github.com/huntercenter1/backend-test/order-service/internal/repo/order_repo.go:37.24,39.4 1 0
github.com/huntercenter1/backend-test/order-service/internal/repo/order_repo.go:40.3,40.67 1 0
github.com/huntercenter1/backend-test/order-service/internal/repo/order_repo.go:40.67,42.4 1 0
github.com/huntercenter1/backend-test/order-service/internal/repo/order_repo.go:43.3,43.13 1 0
github.com/huntercenter1/backend-test/order-service/internal/repo/order_repo.go:45.2,45.22 1 0
github.com/huntercenter1/backend-test/order-service/internal/repo/order_repo.go:48.80,51.81 4 0
github.com/huntercenter1/backend-test/order-service/internal/repo/order_repo.go:51.81,53.3 1 0
github.com/huntercenter1/backend-test/order-service/internal/repo/order_repo.go:54.2,54.16 1 0
github.com/huntercenter1/backend-test/order-service/internal/repo/order_repo.go:57.90,60.96 4 0
github.com/huntercenter1/backend-test/order-service/internal/repo/order_repo.go:60.96,62.3 1 0
github.com/huntercenter1/backend-test/order-service/internal/repo/order_repo.go:63.2,63.19 1 0
github.com/huntercenter1/backend-test/order-service/internal/repo/order_repo.go:66.87,69.120 4 0
github.com/huntercenter1/backend-test/order-service/internal/repo/order_repo.go:69.120,71.3 1 0
github.com/huntercenter1/backend-test/order-service/internal/repo/order_repo.go:72.2,72.20 1 0
github.com/huntercenter1/backend-test/order-service/internal/repo/order_repo.go:75.92,78.16 4 0
github.com/huntercenter1/backend-test/order-service/internal/repo/order_repo.go:78.16,78.35 1 0
github.com/huntercenter1/backend-test/order-service/internal/repo/order_repo.go:79.2,81.104 3 0
github.com/huntercenter1/backend-test/order-service/internal/repo/order_repo.go:81.104,83.3 1 0
github.com/huntercenter1/backend-test/order-service/internal/repo/order_repo.go:84.2,84.15 1 0
github.com/huntercenter1/backend-test/order-service/internal/db/db.go:15.48,18.19 3 0
github.com/huntercenter1/backend-test/order-service/internal/db/db.go:18.19,18.38 1 0
github.com/huntercenter1/backend-test/order-service/internal/db/db.go:19.5,24.40 5 0
github.com/huntercenter1/backend-test/order-service/internal/db/db.go:24.40,26.6 1 0
github.com/huntercenter1/backend-test/order-service/internal/db/db.go:27.5,29.47 3 0
github.com/huntercenter1/backend-test/order-service/internal/db/db.go:29.47,29.66 1 0
github.com/huntercenter1/backend-test/order-service/internal/db/db.go:30.5,30.19 1 0
github.com/huntercenter1/backend-test/order-service/internal/db/migrate.go:12.37,13.15 1 0
github.com/huntercenter1/backend-test/order-service/internal/db/migrate.go:13.15,13.52 1 0
github.com/huntercenter1/backend-test/order-service/internal/db/migrate.go:14.2,14.53 1 0
github.com/huntercenter1/backend-test/order-service/internal/db/migrate.go:14.53,14.67 1 0
github.com/huntercenter1/backend-test/order-service/internal/db/migrate.go:16.2,18.34 3 0
github.com/huntercenter1/backend-test/order-service/internal/db/migrate.go:18.34,20.17 2 0
github.com/huntercenter1/backend-test/order-service/internal/db/migrate.go:20.17,23.18 3 0
github.com/huntercenter1/backend-test/order-service/internal/db/migrate.go:23.18,25.5 1 0
github.com/huntercenter1/backend-test/order-service/internal/db/migrate.go:27.3,28.30 2 0
github.com/huntercenter1/backend-test/order-service/internal/db/migrate.go:30.2,30.64 1 0
github.com/huntercenter1/backend-test/order-service/internal/clients/product_client.go:29.50,34.2 1 0
github.com/huntercenter1/backend-test/order-service/internal/clients/product_client.go:36.79,39.16 3 0
github.com/huntercenter1/backend-test/order-service/internal/clients/product_client.go:39.16,39.35 1 0
github.com/huntercenter1/backend-test/order-service/internal/clients/product_client.go:40.2,41.37 2 0
github.com/huntercenter1/backend-test/order-service/internal/clients/product_client.go:41.37,43.3 1 0
github.com/huntercenter1/backend-test/order-service/internal/clients/product_client.go:44.2,45.49 2 0
github.com/huntercenter1/backend-test/order-service/internal/clients/product_client.go:48.102,53.16 5 0
github.com/huntercenter1/backend-test/order-service/internal/clients/product_client.go:53.16,53.35 1 0
github.com/huntercenter1/backend-test/order-service/internal/clients/product_client.go:54.2,55.37 2 0
github.com/huntercenter1/backend-test/order-service/internal/clients/product_client.go:55.37,57.3 1 0
github.com/huntercenter1/backend-test/order-service/internal/clients/product_client.go:58.2,59.49 2 0
github.com/huntercenter1/backend-test/order-service/internal/clients/user_client.go:17.67,19.16 2 0
github.com/huntercenter1/backend-test/order-service/internal/clients/user_client.go:19.16,19.40 1 0
github.com/huntercenter1/backend-test/order-service/internal/clients/user_client.go:20.2,20.76 1 0
github.com/huntercenter1/backend-test/order-service/internal/clients/user_client.go:23.81,26.16 4 0
github.com/huntercenter1/backend-test/order-service/internal/clients/user_client.go:26.16,26.37 1 0
github.com/huntercenter1/backend-test/order-service/internal/clients/user_client.go:27.2,27.29 1 0
github.com/huntercenter1/backend-test/order-service/internal/repo/order_repo.go:28.27,28.51 1 0
github.com/huntercenter1/backend-test/order-service/internal/repo/order_repo.go:30.135,33.75 3 0
github.com/huntercenter1/backend-test/order-service/internal/repo/order_repo.go:33.75,34.62 1 0
github.com/huntercenter1/backend-test/order-service/internal/repo/order_repo.go:34.62,36.4 1 0
github.com/huntercenter1/backend-test/order-service/internal/repo/order_repo.go:37.3,37.24 1 0
github.com/huntercenter1/backend-test/order-service/internal/repo/order_repo.go:37.24,39.4 1 0
github.com/huntercenter1/backend-test/order-service/internal/repo/order_repo.go:40.3,40.67 1 0
github.com/huntercenter1/backend-test/order-service/internal/repo/order_repo.go:40.67,42.4 1 0
github.com/huntercenter1/backend-test/order-service/internal/repo/order_repo.go:43.3,43.13 1 0
github.com/huntercenter1/backend-test/order-service/internal/repo/order_repo.go:45.2,45.22 1 0
github.com/huntercenter1/backend-test/order-service/internal/repo/order_repo.go:48.80,51.81 4 0
github.com/huntercenter1/backend-test/order-service/internal/repo/order_repo.go:51.81,53.3 1 0
github.com/huntercenter1/backend-test/order-service/internal/repo/order_repo.go:54.2,54.16 1 0
github.com/huntercenter1/backend-test/order-service/internal/repo/order_repo.go:57.90,60.96 4 0
github.com/huntercenter1/backend-test/order-service/internal/repo/order_repo.go:60.96,62.3 1 0
github.com/huntercenter1/backend-test/order-service/internal/repo/order_repo.go:63.2,63.19 1 0
github.com/huntercenter1/backend-test/order-service/internal/repo/order_repo.go:66.87,69.120 4 0
github.com/huntercenter1/backend-test/order-service/internal/repo/order_repo.go:69.120,71.3 1 0
github.com/huntercenter1/backend-test/order-service/internal/repo/order_repo.go:72.2,72.20 1 0
github.com/huntercenter1/backend-test/order-service/internal/repo/order_repo.go:75.92,78.16 4 0
github.com/huntercenter1/backend-test/order-service/internal/repo/order_repo.go:78.16,78.35 1 0
github.com/huntercenter1/backend-test/order-service/internal/repo/order_repo.go:79.2,81.104 3 0
github.com/huntercenter1/backend-test/order-service/internal/repo/order_repo.go:81.104,83.3 1 0
github.com/huntercenter1/backend-test/order-service/internal/repo/order_repo.go:84.2,84.15 1 0
github.com/huntercenter1/backend-test/order-service/internal/service/order_service.go:31.80,33.2 1 3
github.com/huntercenter1/backend-test/order-service/internal/service/order_service.go:35.125,36.37 1 3
github.com/huntercenter1/backend-test/order-service/internal/service/order_service.go:36.37,36.87 1 0
github.com/huntercenter1/backend-test/order-service/internal/service/order_service.go:39.2,40.23 2 3
github.com/huntercenter1/backend-test/order-service/internal/service/order_service.go:40.23,40.70 1 1
github.com/huntercenter1/backend-test/order-service/internal/service/order_service.go:43.2,45.27 3 2
github.com/huntercenter1/backend-test/order-service/internal/service/order_service.go:45.27,46.23 1 2
github.com/huntercenter1/backend-test/order-service/internal/service/order_service.go:46.23,46.78 1 0
github.com/huntercenter1/backend-test/order-service/internal/service/order_service.go:47.3,48.17 2 2
github.com/huntercenter1/backend-test/order-service/internal/service/order_service.go:48.17,48.41 1 0
github.com/huntercenter1/backend-test/order-service/internal/service/order_service.go:49.3,49.28 1 2
github.com/huntercenter1/backend-test/order-service/internal/service/order_service.go:49.28,49.81 1 1
github.com/huntercenter1/backend-test/order-service/internal/service/order_service.go:50.3,56.40 3 1
github.com/huntercenter1/backend-test/order-service/internal/service/order_service.go:60.2,62.16 3 1
github.com/huntercenter1/backend-test/order-service/internal/service/order_service.go:62.16,62.40 1 0
github.com/huntercenter1/backend-test/order-service/internal/service/order_service.go:65.2,65.27 1 1
github.com/huntercenter1/backend-test/order-service/internal/service/order_service.go:65.27,66.82 1 1
github.com/huntercenter1/backend-test/order-service/internal/service/order_service.go:66.82,69.4 1 0
github.com/huntercenter1/backend-test/order-service/internal/service/order_service.go:72.2,72.27 1 1
github.com/huntercenter1/backend-test/order-service/internal/service/order_service.go:75.78,77.2 1 0
github.com/huntercenter1/backend-test/order-service/internal/service/order_service.go:79.85,81.2 1 0
github.com/huntercenter1/backend-test/order-service/internal/service/order_service.go:83.86,85.2 1 0
github.com/huntercenter1/backend-test/order-service/internal/service/order_service.go:87.95,88.18 1 0
github.com/huntercenter1/backend-test/order-service/internal/service/order_service.go:88.18,88.63 1 0
github.com/huntercenter1/backend-test/order-service/internal/service/order_service.go:89.2,89.45 1 0
github.com/huntercenter1/backend-test/order-service/internal/clients/product_client.go:29.50,34.2 1 0
github.com/huntercenter1/backend-test/order-service/internal/clients/product_client.go:36.79,39.16 3 0
github.com/huntercenter1/backend-test/order-service/internal/clients/product_client.go:39.16,39.35 1 0
github.com/huntercenter1/backend-test/order-service/internal/clients/product_client.go:40.2,41.37 2 0
github.com/huntercenter1/backend-test/order-service/internal/clients/product_client.go:41.37,43.3 1 0
github.com/huntercenter1/backend-test/order-service/internal/clients/product_client.go:44.2,45.49 2 0
github.com/huntercenter1/backend-test/order-service/internal/clients/product_client.go:48.102,53.16 5 0
github.com/huntercenter1/backend-test/order-service/internal/clients/product_client.go:53.16,53.35 1 0
github.com/huntercenter1/backend-test/order-service/internal/clients/product_client.go:54.2,55.37 2 0
github.com/huntercenter1/backend-test/order-service/internal/clients/product_client.go:55.37,57.3 1 0
github.com/huntercenter1/backend-test/order-service/internal/clients/product_client.go:58.2,59.49 2 0
github.com/huntercenter1/backend-test/order-service/internal/clients/user_client.go:17.67,19.16 2 0
github.com/huntercenter1/backend-test/order-service/internal/clients/user_client.go:19.16,19.40 1 0
github.com/huntercenter1/backend-test/order-service/internal/clients/user_client.go:20.2,20.76 1 0
github.com/huntercenter1/backend-test/order-service/internal/clients/user_client.go:23.81,26.16 4 0
github.com/huntercenter1/backend-test/order-service/internal/clients/user_client.go:26.16,26.37 1 0
github.com/huntercenter1/backend-test/order-service/internal/clients/user_client.go:27.2,27.29 1 0
github.com/huntercenter1/backend-test/order-service/internal/repo/order_repo.go:28.27,28.51 1 0
github.com/huntercenter1/backend-test/order-service/internal/repo/order_repo.go:30.135,33.75 3 0
github.com/huntercenter1/backend-test/order-service/internal/repo/order_repo.go:33.75,34.62 1 0
github.com/huntercenter1/backend-test/order-service/internal/repo/order_repo.go:34.62,36.4 1 0
github.com/huntercenter1/backend-test/order-service/internal/repo/order_repo.go:37.3,37.24 1 0
github.com/huntercenter1/backend-test/order-service/internal/repo/order_repo.go:37.24,39.4 1 0
github.com/huntercenter1/backend-test/order-service/internal/repo/order_repo.go:40.3,40.67 1 0
github.com/huntercenter1/backend-test/order-service/internal/repo/order_repo.go:40.67,42.4 1 0
github.com/huntercenter1/backend-test/order-service/internal/repo/order_repo.go:43.3,43.13 1 0
github.com/huntercenter1/backend-test/order-service/internal/repo/order_repo.go:45.2,45.22 1 0
github.com/huntercenter1/backend-test/order-service/internal/repo/order_repo.go:48.80,51.81 4 0
github.com/huntercenter1/backend-test/order-service/internal/repo/order_repo.go:51.81,53.3 1 0
github.com/huntercenter1/backend-test/order-service/internal/repo/order_repo.go:54.2,54.16 1 0
github.com/huntercenter1/backend-test/order-service/internal/repo/order_repo.go:57.90,60.96 4 0
github.com/huntercenter1/backend-test/order-service/internal/repo/order_repo.go:60.96,62.3 1 0
github.com/huntercenter1/backend-test/order-service/internal/repo/order_repo.go:63.2,63.19 1 0
github.com/huntercenter1/backend-test/order-service/internal/repo/order_repo.go:66.87,69.120 4 0
github.com/huntercenter1/backend-test/order-service/internal/repo/order_repo.go:69.120,71.3 1 0
github.com/huntercenter1/backend-test/order-service/internal/repo/order_repo.go:72.2,72.20 1 0
github.com/huntercenter1/backend-test/order-service/internal/repo/order_repo.go:75.92,78.16 4 0
github.com/huntercenter1/backend-test/order-service/internal/repo/order_repo.go:78.16,78.35 1 0
github.com/huntercenter1/backend-test/order-service/internal/repo/order_repo.go:79.2,81.104 3 0
github.com/huntercenter1/backend-test/order-service/internal/repo/order_repo.go:81.104,83.3 1 0
github.com/huntercenter1/backend-test/order-service/internal/repo/order_repo.go:84.2,84.15 1 0
github.com/huntercenter1/backend-test/order-service/internal/transport/http/router.go:15.39,15.67 1 2
github.com/huntercenter1/backend-test/order-service/internal/transport/http/router.go:17.43,18.39 1 2
github.com/huntercenter1/backend-test/order-service/internal/transport/http/router.go:18.39,18.86 1 0
github.com/huntercenter1/backend-test/order-service/internal/transport/http/router.go:19.2,23.46 5 2
github.com/huntercenter1/backend-test/order-service/internal/transport/http/router.go:31.42,33.90 2 2
github.com/huntercenter1/backend-test/order-service/internal/transport/http/router.go:33.90,35.3 2 1
github.com/huntercenter1/backend-test/order-service/internal/transport/http/router.go:36.2,37.16 2 1
github.com/huntercenter1/backend-test/order-service/internal/transport/http/router.go:37.16,37.86 2 0
github.com/huntercenter1/backend-test/order-service/internal/transport/http/router.go:38.2,38.63 1 1
github.com/huntercenter1/backend-test/order-service/internal/transport/http/router.go:41.39,43.16 2 1
github.com/huntercenter1/backend-test/order-service/internal/transport/http/router.go:43.16,43.83 2 0
github.com/huntercenter1/backend-test/order-service/internal/transport/http/router.go:44.2,44.26 1 1
github.com/huntercenter1/backend-test/order-service/internal/transport/http/router.go:47.41,49.16 2 1
github.com/huntercenter1/backend-test/order-service/internal/transport/http/router.go:49.16,49.83 2 0
github.com/huntercenter1/backend-test/order-service/internal/transport/http/router.go:50.2,50.46 1 1
github.com/huntercenter1/backend-test/order-service/internal/transport/http/router.go:53.42,55.16 2 1
github.com/huntercenter1/backend-test/order-service/internal/transport/http/router.go:55.16,55.95 2 0
github.com/huntercenter1/backend-test/order-service/internal/transport/http/router.go:56.2,56.46 1 1
github.com/huntercenter1/backend-test/order-service/internal/transport/http/router.go:61.48,63.69 2 2
github.com/huntercenter1/backend-test/order-service/internal/transport/http/router.go:63.69,65.3 2 1
github.com/huntercenter1/backend-test/order-service/internal/transport/http/router.go:66.2,67.16 2 1
github.com/huntercenter1/backend-test/order-service/internal/transport/http/router.go:67.16,67.95 2 0
github.com/huntercenter1/backend-test/order-service/internal/transport/http/router.go:68.2,68.26 1 1
