mode: atomic
github.com/huntercenter1/backend-test/product-service/cmd/server/main.go:18.13,19.88 1 0
github.com/huntercenter1/backend-test/product-service/cmd/server/main.go:19.88,21.3 1 0
github.com/huntercenter1/backend-test/product-service/cmd/server/main.go:22.2,23.16 2 0
github.com/huntercenter1/backend-test/product-service/cmd/server/main.go:23.16,23.45 1 0
github.com/huntercenter1/backend-test/product-service/cmd/server/main.go:24.2,31.11 6 0
github.com/huntercenter1/backend-test/product-service/cmd/server/main.go:31.11,33.77 2 0
github.com/huntercenter1/backend-test/product-service/cmd/server/main.go:33.77,35.4 1 0
github.com/huntercenter1/backend-test/product-service/cmd/server/main.go:38.2,42.23 6 0
github.com/huntercenter1/backend-test/product-service/cmd/server/main.go:45.33,45.65 2 0
github.com/huntercenter1/backend-test/product-service/cmd/server/main.go:45.65,45.77 1 0
github.com/huntercenter1/backend-test/product-service/cmd/server/main.go:45.79,45.87 1 0
github.com/huntercenter1/backend-test/product-service/internal/middleware/mw.go:11.34,12.30 1 0
github.com/huntercenter1/backend-test/product-service/internal/middleware/mw.go:12.30,16.3 3 0
github.com/huntercenter1/backend-test/product-service/internal/middleware/mw.go:19.47,20.30 1 0
github.com/huntercenter1/backend-test/product-service/internal/middleware/mw.go:20.30,25.3 4 0
github.com/huntercenter1/backend-test/product-service/internal/db/db.go:15.48,18.19 3 0
github.com/huntercenter1/backend-test/product-service/internal/db/db.go:18.19,18.38 1 0
github.com/huntercenter1/backend-test/product-service/internal/db/db.go:19.5,24.40 5 0
github.com/huntercenter1/backend-test/product-service/internal/db/db.go:24.40,26.6 1 0
github.com/huntercenter1/backend-test/product-service/internal/db/db.go:27.5,29.47 3 0
github.com/huntercenter1/backend-test/product-service/internal/db/db.go:29.47,29.66 1 0
github.com/huntercenter1/backend-test/product-service/internal/db/db.go:30.5,30.19 1 0
github.com/huntercenter1/backend-test/product-service/internal/db/migrate.go:12.37,13.15 1 0
github.com/huntercenter1/backend-test/product-service/internal/db/migrate.go:13.15,13.52 1 0
github.com/huntercenter1/backend-test/product-service/internal/db/migrate.go:14.2,14.53 1 0
github.com/huntercenter1/backend-test/product-service/internal/db/migrate.go:14.53,14.67 1 0
github.com/huntercenter1/backend-test/product-service/internal/db/migrate.go:16.2,18.34 3 0
github.com/huntercenter1/backend-test/product-service/internal/db/migrate.go:18.34,20.17 2 0
github.com/huntercenter1/backend-test/product-service/internal/db/migrate.go:20.17,23.18 3 0
github.com/huntercenter1/backend-test/product-service/internal/db/migrate.go:23.18,25.5 1 0
github.com/huntercenter1/backend-test/product-service/internal/db/migrate.go:27.3,28.30 2 0
github.com/huntercenter1/backend-test/product-service/internal/db/migrate.go:30.2,30.64 1 0
github.com/huntercenter1/backend-test/product-service/internal/repo/product_repo.go:31.34,31.65 1 1
github.com/huntercenter1/backend-test/product-service/internal/repo/product_repo.go:33.95,37.2 4 1
github.com/huntercenter1/backend-test/product-service/internal/repo/product_repo.go:39.88,42.81 4 2
github.com/huntercenter1/backend-test/product-service/internal/repo/product_repo.go:42.81,44.3 1 0
github.com/huntercenter1/backend-test/product-service/internal/repo/product_repo.go:45.2,45.16 1 2
github.com/huntercenter1/backend-test/product-service/internal/repo/product_repo.go:48.95,53.2 5 0
github.com/huntercenter1/backend-test/product-service/internal/repo/product_repo.go:55.68,58.16 4 0
github.com/huntercenter1/backend-test/product-service/internal/repo/product_repo.go:58.16,58.30 1 0
github.com/huntercenter1/backend-test/product-service/internal/repo/product_repo.go:59.2,59.40 1 0
github.com/huntercenter1/backend-test/product-service/internal/repo/product_repo.go:59.40,59.62 1 0
github.com/huntercenter1/backend-test/product-service/internal/repo/product_repo.go:60.2,60.12 1 0
github.com/huntercenter1/backend-test/product-service/internal/repo/product_repo.go:63.99,67.36 5 0
github.com/huntercenter1/backend-test/product-service/internal/repo/product_repo.go:67.36,67.58 1 0
github.com/huntercenter1/backend-test/product-service/internal/repo/product_repo.go:68.2,69.26 2 0
github.com/huntercenter1/backend-test/product-service/internal/repo/product_repo.go:72.114,79.36 6 0
github.com/huntercenter1/backend-test/product-service/internal/repo/product_repo.go:79.36,79.58 1 0
github.com/huntercenter1/backend-test/product-service/internal/repo/product_repo.go:80.2,82.26 2 0
github.com/huntercenter1/backend-test/product-service/internal/repo/product_repo.go:85.103,88.16 4 1
github.com/huntercenter1/backend-test/product-service/internal/repo/product_repo.go:88.16,88.35 1 0
github.com/huntercenter1/backend-test/product-service/internal/repo/product_repo.go:89.2,90.17 2 1
github.com/huntercenter1/backend-test/product-service/internal/repo/product_repo.go:90.17,90.32 1 0
github.com/huntercenter1/backend-test/product-service/internal/repo/product_repo.go:91.2,92.15 2 1
github.com/huntercenter1/backend-test/product-service/internal/middleware/mw.go:11.34,12.30 1 2
github.com/huntercenter1/backend-test/product-service/internal/middleware/mw.go:12.30,16.3 3 9
github.com/huntercenter1/backend-test/product-service/internal/middleware/mw.go:19.47,20.30 1 2
github.com/huntercenter1/backend-test/product-service/internal/middleware/mw.go:20.30,25.3 4 9
github.com/huntercenter1/backend-test/product-service/internal/transport/http/router.go:21.30,23.2 1 2
github.com/huntercenter1/backend-test/product-service/internal/transport/http/router.go:25.43,28.39 2 2
github.com/huntercenter1/backend-test/product-service/internal/transport/http/router.go:28.39,28.86 1 0
github.com/huntercenter1/backend-test/product-service/internal/transport/http/router.go:30.2,36.46 7 2
github.com/huntercenter1/backend-test/product-service/internal/transport/http/router.go:39.40,42.16 3 3
github.com/huntercenter1/backend-test/product-service/internal/transport/http/router.go:42.16,42.95 2 0
github.com/huntercenter1/backend-test/product-service/internal/transport/http/router.go:43.2,43.96 1 3
github.com/huntercenter1/backend-test/product-service/internal/transport/http/router.go:46.42,48.45 2 1
github.com/huntercenter1/backend-test/product-service/internal/transport/http/router.go:48.45,50.3 2 0
github.com/huntercenter1/backend-test/product-service/internal/transport/http/router.go:51.2,51.34 1 1
github.com/huntercenter1/backend-test/product-service/internal/transport/http/router.go:51.34,51.113 2 0
github.com/huntercenter1/backend-test/product-service/internal/transport/http/router.go:52.2,53.16 2 1
github.com/huntercenter1/backend-test/product-service/internal/transport/http/router.go:53.16,53.95 2 0
github.com/huntercenter1/backend-test/product-service/internal/transport/http/router.go:54.2,54.33 1 1
github.com/huntercenter1/backend-test/product-service/internal/transport/http/router.go:57.39,60.16 3 1
github.com/huntercenter1/backend-test/product-service/internal/transport/http/router.go:60.16,60.83 2 0
github.com/huntercenter1/backend-test/product-service/internal/transport/http/router.go:61.2,61.26 1 1
github.com/huntercenter1/backend-test/product-service/internal/transport/http/router.go:64.42,67.48 3 1
github.com/huntercenter1/backend-test/product-service/internal/transport/http/router.go:67.48,69.3 2 0
github.com/huntercenter1/backend-test/product-service/internal/transport/http/router.go:70.2,71.16 2 1
github.com/huntercenter1/backend-test/product-service/internal/transport/http/router.go:71.16,71.83 2 0
github.com/huntercenter1/backend-test/product-service/internal/transport/http/router.go:72.2,72.21 1 1
github.com/huntercenter1/backend-test/product-service/internal/transport/http/router.go:72.21,72.43 1 1
github.com/huntercenter1/backend-test/product-service/internal/transport/http/router.go:73.2,73.28 1 1
github.com/huntercenter1/backend-test/product-service/internal/transport/http/router.go:73.28,73.64 1 1
github.com/huntercenter1/backend-test/product-service/internal/transport/http/router.go:74.2,74.20 1 1
github.com/huntercenter1/backend-test/product-service/internal/transport/http/router.go:74.20,74.44 1 1
github.com/huntercenter1/backend-test/product-service/internal/transport/http/router.go:75.2,75.21 1 1
github.com/huntercenter1/backend-test/product-service/internal/transport/http/router.go:75.21,75.45 1 1
github.com/huntercenter1/backend-test/product-service/internal/transport/http/router.go:76.2,77.16 2 1
github.com/huntercenter1/backend-test/product-service/internal/transport/http/router.go:77.16,77.95 2 0
github.com/huntercenter1/backend-test/product-service/internal/transport/http/router.go:78.2,78.28 1 1
github.com/huntercenter1/backend-test/product-service/internal/transport/http/router.go:81.42,83.64 2 1
github.com/huntercenter1/backend-test/product-service/internal/transport/http/router.go:83.64,85.3 2 0
github.com/huntercenter1/backend-test/product-service/internal/transport/http/router.go:86.2,86.32 1 1
github.com/huntercenter1/backend-test/product-service/internal/transport/http/router.go:89.42,93.16 4 1
github.com/huntercenter1/backend-test/product-service/internal/transport/http/router.go:93.16,93.95 2 0
github.com/huntercenter1/backend-test/product-service/internal/transport/http/router.go:94.2,94.96 1 1
github.com/huntercenter1/backend-test/product-service/internal/transport/http/router.go:99.47,102.48 3 1
github.com/huntercenter1/backend-test/product-service/internal/transport/http/router.go:102.48,104.3 2 0
github.com/huntercenter1/backend-test/product-service/internal/transport/http/router.go:105.2,106.16 2 1
github.com/huntercenter1/backend-test/product-service/internal/transport/http/router.go:106.16,106.95 2 0
github.com/huntercenter1/backend-test/product-service/internal/transport/http/router.go:107.2,107.28 1 1
github.com/huntercenter1/backend-test/product-service/internal/transport/http/router.go:110.42,112.36 3 4
github.com/huntercenter1/backend-test/product-service/internal/transport/http/router.go:112.36,112.94 1 3
github.com/huntercenter1/backend-test/product-service/internal/transport/http/router.go:112.94,112.107 1 1
github.com/huntercenter1/backend-test/product-service/internal/transport/http/router.go:113.2,113.37 1 4
github.com/huntercenter1/backend-test/product-service/internal/transport/http/router.go:113.37,113.86 1 3
github.com/huntercenter1/backend-test/product-service/internal/transport/http/router.go:113.86,113.100 1 2
github.com/huntercenter1/backend-test/product-service/internal/transport/http/router.go:114.2,114.22 1 4
