mode: set
github.com/huntercenter1/backend-test/order-service/internal/db/db.go:15.48,18.19 3 0
github.com/huntercenter1/backend-test/order-service/internal/db/db.go:18.19,18.38 1 0
github.com/huntercenter1/backend-test/order-service/internal/db/db.go:19.5,24.40 5 0
github.com/huntercenter1/backend-test/order-service/internal/db/db.go:24.40,26.6 1 0
github.com/huntercenter1/backend-test/order-service/internal/db/db.go:27.5,29.47 3 0
github.com/huntercenter1/backend-test/order-service/internal/db/db.go:29.47,29.66 1 0
github.com/huntercenter1/backend-test/order-service/internal/db/db.go:30.5,30.19 1 0
github.com/huntercenter1/backend-test/order-service/internal/db/migrate.go:12.37,13.15 1 0
github.com/huntercenter1/backend-test/order-service/internal/db/migrate.go:13.15,13.52 1 0
github.com/huntercenter1/backend-test/order-service/internal/db/migrate.go:14.2,14.53 1 0
github.com/huntercenter1/backend-test/order-service/internal/db/migrate.go:14.53,14.67 1 0
github.com/huntercenter1/backend-test/order-service/internal/db/migrate.go:16.2,18.34 3 0
github.com/huntercenter1/backend-test/order-service/internal/db/migrate.go:18.34,20.17 2 0
github.com/huntercenter1/backend-test/order-service/internal/db/migrate.go:20.17,23.18 3 0
github.com/huntercenter1/backend-test/order-service/internal/db/migrate.go:23.18,25.5 1 0
github.com/huntercenter1/backend-test/order-service/internal/db/migrate.go:27.3,28.30 2 0
github.com/huntercenter1/backend-test/order-service/internal/db/migrate.go:30.2,30.64 1 0
github.com/huntercenter1/backend-test/order-service/internal/clients/product_client.go:29.50,34.2 1 0
github.com/huntercenter1/backend-test/order-service/internal/clients/product_client.go:36.79,39.16 3 0
github.com/huntercenter1/backend-test/order-service/internal/clients/product_client.go:39.16,39.35 1 0
github.com/huntercenter1/backend-test/order-service/internal/clients/product_client.go:40.2,41.37 2 0
github.com/huntercenter1/backend-test/order-service/internal/clients/product_client.go:41.37,43.3 1 0
github.com/huntercenter1/backend-test/order-service/internal/clients/product_client.go:44.2,45.49 2 0
github.com/huntercenter1/backend-test/order-service/internal/clients/product_client.go:48.102,53.16 5 0
github.com/huntercenter1/backend-test/order-service/internal/clients/product_client.go:53.16,53.35 1 0
github.com/huntercenter1/backend-test/order-service/internal/clients/product_client.go:54.2,55.37 2 0
github.com/huntercenter1/backend-test/order-service/internal/clients/product_client.go:55.37,57.3 1 0
github.com/huntercenter1/backend-test/order-service/internal/clients/product_client.go:58.2,59.49 2 0
github.com/huntercenter1/backend-test/order-service/internal/clients/user_client.go:17.67,19.16 2 0
github.com/huntercenter1/backend-test/order-service/internal/clients/user_client.go:19.16,19.40 1 0
github.com/huntercenter1/backend-test/order-service/internal/clients/user_client.go:20.2,20.76 1 0
github.com/huntercenter1/backend-test/order-service/internal/clients/user_client.go:23.81,26.16 4 0
github.com/huntercenter1/backend-test/order-service/internal/clients/user_client.go:26.16,26.37 1 0
github.com/huntercenter1/backend-test/order-service/internal/clients/user_client.go:27.2,27.29 1 0
github.com/huntercenter1/backend-test/order-service/internal/repo/order_repo.go:28.27,28.51 1 0
github.com/huntercenter1/backend-test/order-service/internal/repo/order_repo.go:30.135,33.75 3 0
github.com/huntercenter1/backend-test/order-service/internal/repo/order_repo.go:33.75,34.62 1 0
github.com/huntercenter1/backend-test/order-service/internal/repo/order_repo.go:34.62,36.4 1 0
github.com/huntercenter1/backend-test/order-service/internal/repo/order_repo.go:37.3,37.24 1 0
github.com/huntercenter1/backend-test/order-service/internal/repo/order_repo.go:37.24,39.4 1 0
github.com/huntercenter1/backend-test/order-service/internal/repo/order_repo.go:40.3,40.67 1 0
github.com/huntercenter1/backend-test/order-service/internal/repo/order_repo.go:40.67,42.4 1 0
github.com/huntercenter1/backend-test/order-service/internal/repo/order_repo.go:43.3,43.13 1 0
github.com/huntercenter1/backend-test/order-service/internal/repo/order_repo.go:45.2,45.22 1 0
github.com/huntercenter1/backend-test/order-service/internal/repo/order_repo.go:48.80,51.81 4 0
github.com/huntercenter1/backend-test/order-service/internal/repo/order_repo.go:51.81,53.3 1 0
github.com/huntercenter1/backend-test/order-service/internal/repo/order_repo.go:54.2,54.16 1 0
github.com/huntercenter1/backend-test/order-service/internal/repo/order_repo.go:57.90,60.96 4 0
github.com/huntercenter1/backend-test/order-service/internal/repo/order_repo.go:60.96,62.3 1 0
github.com/huntercenter1/backend-test/order-service/internal/repo/order_repo.go:63.2,63.19 1 0
github.com/huntercenter1/backend-test/order-service/internal/repo/order_repo.go:66.87,69.120 4 0
github.com/huntercenter1/backend-test/order-service/internal/repo/order_repo.go:69.120,71.3 1 0
github.com/huntercenter1/backend-test/order-service/internal/repo/order_repo.go:72.2,72.20 1 0
github.com/huntercenter1/backend-test/order-service/internal/repo/order_repo.go:75.92,78.16 4 0
github.com/huntercenter1/backend-test/order-service/internal/repo/order_repo.go:78.16,78.35 1 0
github.com/huntercenter1/backend-test/order-service/internal/repo/order_repo.go:79.2,81.104 3 0
github.com/huntercenter1/backend-test/order-service/internal/repo/order_repo.go:81.104,83.3 1 0
github.com/huntercenter1/backend-test/order-service/internal/repo/order_repo.go:84.2,84.15 1 0
github.com/huntercenter1/backend-test/order-service/cmd/server/main.go:21.13,22.88 1 0
github.com/huntercenter1/backend-test/order-service/cmd/server/main.go:22.88,24.3 1 0
github.com/huntercenter1/backend-test/order-service/cmd/server/main.go:25.2,26.16 2 0
github.com/huntercenter1/backend-test/order-service/cmd/server/main.go:26.16,26.45 1 0
github.com/huntercenter1/backend-test/order-service/cmd/server/main.go:27.2,32.16 4 0
github.com/huntercenter1/backend-test/order-service/cmd/server/main.go:32.16,32.54 1 0
github.com/huntercenter1/backend-test/order-service/cmd/server/main.go:33.2,46.12 9 0
github.com/huntercenter1/backend-test/order-service/cmd/server/main.go:46.12,48.77 2 0
github.com/huntercenter1/backend-test/order-service/cmd/server/main.go:48.77,50.4 1 0
github.com/huntercenter1/backend-test/order-service/cmd/server/main.go:53.2,57.23 6 0
github.com/huntercenter1/backend-test/order-service/cmd/server/main.go:60.33,60.65 2 0
github.com/huntercenter1/backend-test/order-service/cmd/server/main.go:60.65,60.77 1 0
github.com/huntercenter1/backend-test/order-service/cmd/server/main.go:60.79,60.87 1 0
github.com/huntercenter1/backend-test/order-service/internal/transport/http/router.go:15.39,15.67 1 0
github.com/huntercenter1/backend-test/order-service/internal/transport/http/router.go:17.43,18.39 1 0
github.com/huntercenter1/backend-test/order-service/internal/transport/http/router.go:18.39,18.86 1 0
github.com/huntercenter1/backend-test/order-service/internal/transport/http/router.go:19.2,23.46 5 0
github.com/huntercenter1/backend-test/order-service/internal/transport/http/router.go:31.42,33.90 2 0
github.com/huntercenter1/backend-test/order-service/internal/transport/http/router.go:33.90,35.3 2 0
github.com/huntercenter1/backend-test/order-service/internal/transport/http/router.go:36.2,37.16 2 0
github.com/huntercenter1/backend-test/order-service/internal/transport/http/router.go:37.16,37.86 2 0
github.com/huntercenter1/backend-test/order-service/internal/transport/http/router.go:38.2,38.63 1 0
github.com/huntercenter1/backend-test/order-service/internal/transport/http/router.go:41.39,43.16 2 0
github.com/huntercenter1/backend-test/order-service/internal/transport/http/router.go:43.16,43.83 2 0
github.com/huntercenter1/backend-test/order-service/internal/transport/http/router.go:44.2,44.26 1 0
github.com/huntercenter1/backend-test/order-service/internal/transport/http/router.go:47.41,49.16 2 0
github.com/huntercenter1/backend-test/order-service/internal/transport/http/router.go:49.16,49.83 2 0
github.com/huntercenter1/backend-test/order-service/internal/transport/http/router.go:50.2,50.46 1 0
github.com/huntercenter1/backend-test/order-service/internal/transport/http/router.go:53.42,55.16 2 0
github.com/huntercenter1/backend-test/order-service/internal/transport/http/router.go:55.16,55.95 2 0
github.com/huntercenter1/backend-test/order-service/internal/transport/http/router.go:56.2,56.46 1 0
github.com/huntercenter1/backend-test/order-service/internal/transport/http/router.go:61.48,63.69 2 0
github.com/huntercenter1/backend-test/order-service/internal/transport/http/router.go:63.69,65.3 2 0
github.com/huntercenter1/backend-test/order-service/internal/transport/http/router.go:66.2,67.16 2 0
github.com/huntercenter1/backend-test/order-service/internal/transport/http/router.go:67.16,67.95 2 0
github.com/huntercenter1/backend-test/order-service/internal/transport/http/router.go:68.2,68.26 1 0
github.com/huntercenter1/backend-test/order-service/internal/clients/product_client.go:29.50,34.2 1 0
github.com/huntercenter1/backend-test/order-service/internal/clients/product_client.go:36.79,39.16 3 0
github.com/huntercenter1/backend-test/order-service/internal/clients/product_client.go:39.16,39.35 1 0
github.com/huntercenter1/backend-test/order-service/internal/clients/product_client.go:40.2,41.37 2 0
github.com/huntercenter1/backend-test/order-service/internal/clients/product_client.go:41.37,43.3 1 0
github.com/huntercenter1/backend-test/order-service/internal/clients/product_client.go:44.2,45.49 2 0
github.com/huntercenter1/backend-test/order-service/internal/clients/product_client.go:48.102,53.16 5 0
github.com/huntercenter1/backend-test/order-service/internal/clients/product_client.go:53.16,53.35 1 0
github.com/huntercenter1/backend-test/order-service/internal/clients/product_client.go:54.2,55.37 2 0
github.com/huntercenter1/backend-test/order-service/internal/clients/product_client.go:55.37,57.3 1 0
github.com/huntercenter1/backend-test/order-service/internal/clients/product_client.go:58.2,59.49 2 0
github.com/huntercenter1/backend-test/order-service/internal/clients/user_client.go:17.67,19.16 2 0
github.com/huntercenter1/backend-test/order-service/internal/clients/user_client.go:19.16,19.40 1 0
github.com/huntercenter1/backend-test/order-service/internal/clients/user_client.go:20.2,20.76 1 0
github.com/huntercenter1/backend-test/order-service/internal/clients/user_client.go:23.81,26.16 4 0
github.com/huntercenter1/backend-test/order-service/internal/clients/user_client.go:26.16,26.37 1 0
github.com/huntercenter1/backend-test/order-service/internal/clients/user_client.go:27.2,27.29 1 0
github.com/huntercenter1/backend-test/order-service/internal/repo/order_repo.go:28.27,28.51 1 0
github.com/huntercenter1/backend-test/order-service/internal/repo/order_repo.go:30.135,33.75 3 0
github.com/huntercenter1/backend-test/order-service/internal/repo/order_repo.go:33.75,34.62 1 0
github.com/huntercenter1/backend-test/order-service/internal/repo/order_repo.go:34.62,36.4 1 0
github.com/huntercenter1/backend-test/order-service/internal/repo/order_repo.go:37.3,37.24 1 0
github.com/huntercenter1/backend-test/order-service/internal/repo/order_repo.go:37.24,39.4 1 0
github.com/huntercenter1/backend-test/order-service/internal/repo/order_repo.go:40.3,40.67 1 0
github.com/huntercenter1/backend-test/order-service/internal/repo/order_repo.go:40.67,42.4 1 0
github.com/huntercenter1/backend-test/order-service/internal/repo/order_repo.go:43.3,43.13 1 0
github.com/huntercenter1/backend-test/order-service/internal/repo/order_repo.go:45.2,45.22 1 0
github.com/huntercenter1/backend-test/order-service/internal/repo/order_repo.go:48.80,51.81 4 0
github.com/huntercenter1/backend-test/order-service/internal/repo/order_repo.go:51.81,53.3 1 0
github.com/huntercenter1/backend-test/order-service/internal/repo/order_repo.go:54.2,54.16 1 0
github.com/huntercenter1/backend-test/order-service/internal/repo/order_repo.go:57.90,60.96 4 0
github.com/huntercenter1/backend-test/order-service/internal/repo/order_repo.go:60.96,62.3 1 0
github.com/huntercenter1/backend-test/order-service/internal/repo/order_repo.go:63.2,63.19 1 0
github.com/huntercenter1/backend-test/order-service/internal/repo/order_repo.go:66.87,69.120 4 0
github.com/huntercenter1/backend-test/order-service/internal/repo/order_repo.go:69.120,71.3 1 0
github.com/huntercenter1/backend-test/order-service/internal/repo/order_repo.go:72.2,72.20 1 0
github.com/huntercenter1/backend-test/order-service/internal/repo/order_repo.go:75.92,78.16 4 0
github.com/huntercenter1/backend-test/order-service/internal/repo/order_repo.go:78.16,78.35 1 0
github.com/huntercenter1/backend-test/order-service/internal/repo/order_repo.go:79.2,81.104 3 0
github.com/huntercenter1/backend-test/order-service/internal/repo/order_repo.go:81.104,83.3 1 0
github.com/huntercenter1/backend-test/order-service/internal/repo/order_repo.go:84.2,84.15 1 0
github.com/huntercenter1/backend-test/order-service/internal/service/order_service.go:31.80,33.2 1 1
github.com/huntercenter1/backend-test/order-service/internal/service/order_service.go:35.125,36.37 1 1
github.com/huntercenter1/backend-test/order-service/internal/service/order_service.go:36.37,36.87 1 0
github.com/huntercenter1/backend-test/order-service/internal/service/order_service.go:39.2,40.23 2 1
github.com/huntercenter1/backend-test/order-service/internal/service/order_service.go:40.23,40.70 1 1
github.com/huntercenter1/backend-test/order-service/internal/service/order_service.go:43.2,45.27 3 1
github.com/huntercenter1/backend-test/order-service/internal/service/order_service.go:45.27,46.23 1 1
github.com/huntercenter1/backend-test/order-service/internal/service/order_service.go:46.23,46.78 1 0
github.com/huntercenter1/backend-test/order-service/internal/service/order_service.go:47.3,48.17 2 1
github.com/huntercenter1/backend-test/order-service/internal/service/order_service.go:48.17,48.41 1 0
github.com/huntercenter1/backend-test/order-service/internal/service/order_service.go:49.3,49.28 1 1
github.com/huntercenter1/backend-test/order-service/internal/service/order_service.go:49.28,49.81 1 1
github.com/huntercenter1/backend-test/order-service/internal/service/order_service.go:50.3,56.40 3 1
github.com/huntercenter1/backend-test/order-service/internal/service/order_service.go:60.2,62.16 3 1
github.com/huntercenter1/backend-test/order-service/internal/service/order_service.go:62.16,62.40 1 0
github.com/huntercenter1/backend-test/order-service/internal/service/order_service.go:65.2,65.27 1 1
github.com/huntercenter1/backend-test/order-service/internal/service/order_service.go:65.27,66.82 1 1
github.com/huntercenter1/backend-test/order-service/internal/service/order_service.go:66.82,69.4 1 0
github.com/huntercenter1/backend-test/order-service/internal/service/order_service.go:72.2,72.27 1 1
github.com/huntercenter1/backend-test/order-service/internal/service/order_service.go:75.78,77.2 1 0
github.com/huntercenter1/backend-test/order-service/internal/service/order_service.go:79.85,81.2 1 0
github.com/huntercenter1/backend-test/order-service/internal/service/order_service.go:83.86,85.2 1 0
github.com/huntercenter1/backend-test/order-service/internal/service/order_service.go:87.95,88.18 1 0
github.com/huntercenter1/backend-test/order-service/internal/service/order_service.go:88.18,88.63 1 0
github.com/huntercenter1/backend-test/order-service/internal/service/order_service.go:89.2,89.45 1 0
